app/build/outputs/mapping/release/seeds.txt
com.system.ui.BaseApplication
com.system.ui.BaseApplication: BaseApplication()
com.system.ui.MainActivity
com.system.ui.MainActivity: MainActivity()
com.system.ui.R$anim: int abc_fade_in
com.system.ui.R$anim: int abc_fade_out
com.system.ui.R$anim: int abc_grow_fade_in_from_bottom
com.system.ui.R$anim: int abc_popup_enter
com.system.ui.R$anim: int abc_popup_exit
com.system.ui.R$anim: int abc_shrink_fade_out_from_bottom
com.system.ui.R$anim: int abc_slide_in_bottom
com.system.ui.R$anim: int abc_slide_in_top
com.system.ui.R$anim: int abc_slide_out_bottom
com.system.ui.R$anim: int abc_slide_out_top
com.system.ui.R$array: int permissions
com.system.ui.R$attr: int actionBarDivider
com.system.ui.R$attr: int actionBarItemBackground
com.system.ui.R$attr: int actionBarPopupTheme
com.system.ui.R$attr: int actionBarSize
com.system.ui.R$attr: int actionBarSplitStyle
com.system.ui.R$attr: int actionBarStyle
com.system.ui.R$attr: int actionBarTabBarStyle
com.system.ui.R$attr: int actionBarTabStyle
com.system.ui.R$attr: int actionBarTabTextStyle
com.system.ui.R$attr: int actionBarTheme
com.system.ui.R$attr: int actionBarWidgetTheme
com.system.ui.R$attr: int actionButtonStyle
com.system.ui.R$attr: int actionDropDownStyle
com.system.ui.R$attr: int actionLayout
com.system.ui.R$attr: int actionMenuTextAppearance
com.system.ui.R$attr: int actionMenuTextColor
com.system.ui.R$attr: int actionModeBackground
com.system.ui.R$attr: int actionModeCloseButtonStyle
com.system.ui.R$attr: int actionModeCloseDrawable
com.system.ui.R$attr: int actionModeCopyDrawable
com.system.ui.R$attr: int actionModeCutDrawable
com.system.ui.R$attr: int actionModeFindDrawable
com.system.ui.R$attr: int actionModePasteDrawable
com.system.ui.R$attr: int actionModePopupWindowStyle
com.system.ui.R$attr: int actionModeSelectAllDrawable
com.system.ui.R$attr: int actionModeShareDrawable
com.system.ui.R$attr: int actionModeSplitBackground
com.system.ui.R$attr: int actionModeStyle
com.system.ui.R$attr: int actionModeWebSearchDrawable
com.system.ui.R$attr: int actionOverflowButtonStyle
com.system.ui.R$attr: int actionOverflowMenuStyle
com.system.ui.R$bool: int abc_action_bar_embed_tabs
com.system.ui.R$bool: int abc_allow_stacked_button_bar
com.system.ui.R$bool: int abc_config_actionMenuItemAllCaps
com.system.ui.R$bool: int abc_config_closeDialogWhenTouchOutside
com.system.ui.R$bool: int abc_config_showMenuShortcutsWhenKeyboardPresent
com.system.ui.R$color: int abc_background_cache_hint_selector_material_dark
com.system.ui.R$color: int abc_background_cache_hint_selector_material_light
com.system.ui.R$color: int abc_btn_colored_borderless_text_material
com.system.ui.R$color: int abc_btn_colored_text_material
com.system.ui.R$color: int abc_color_highlight_material
com.system.ui.R$color: int abc_hint_foreground_material_dark
com.system.ui.R$color: int abc_hint_foreground_material_light
com.system.ui.R$color: int abc_input_method_navigation_guard
com.system.ui.R$color: int abc_primary_text_disable_only_material_dark
com.system.ui.R$color: int abc_primary_text_disable_only_material_light
com.system.ui.R$color: int abc_primary_text_material_dark
com.system.ui.R$color: int abc_primary_text_material_light
com.system.ui.R$color: int abc_search_url_text
com.system.ui.R$color: int abc_search_url_text_normal
com.system.ui.R$color: int abc_search_url_text_pressed
com.system.ui.R$color: int abc_search_url_text_selected
com.system.ui.R$color: int abc_secondary_text_material_dark
com.system.ui.R$color: int abc_secondary_text_material_light
com.system.ui.R$color: int abc_tint_btn_checkable
com.system.ui.R$color: int abc_tint_default
com.system.ui.R$color: int abc_tint_edittext
com.system.ui.R$color: int abc_tint_seek_thumb
com.system.ui.R$color: int abc_tint_spinner
com.system.ui.R$color: int abc_tint_switch_thumb
com.system.ui.R$color: int abc_tint_switch_track
com.system.ui.R$color: int accent_material_dark
...
android.support.v7.widget.MenuPopupWindow$MenuDropDownListView: void setHoverListener(android.support.v7.widget.MenuItemHoverListener)
android.support.v7.widget.ScrollingTabContainerView: void setAllowCollapse(boolean)
android.support.v7.widget.ScrollingTabContainerView: void setTabSelected(int)
android.support.v7.widget.ScrollingTabContainerView: void setContentHeight(int)
android.support.v7.widget.SearchView: int getSuggestionRowLayout()
android.support.v7.widget.SearchView: int getSuggestionCommitIconResId()
android.support.v7.widget.SearchView: void setSearchableInfo(android.app.SearchableInfo)
android.support.v7.widget.SearchView: void setAppSearchData(android.os.Bundle)
android.support.v7.widget.SearchView: void setImeOptions(int)
android.support.v7.widget.SearchView: int getImeOptions()
android.support.v7.widget.SearchView: void setInputType(int)
android.support.v7.widget.SearchView: int getInputType()
android.support.v7.widget.SearchView: void setOnQueryTextListener(android.support.v7.widget.SearchView$OnQueryTextListener)
android.support.v7.widget.SearchView: void setOnCloseListener(android.support.v7.widget.SearchView$OnCloseListener)
android.support.v7.widget.SearchView: void setOnQueryTextFocusChangeListener(android.view.View$OnFocusChangeListener)
android.support.v7.widget.SearchView: void setOnSuggestionListener(android.support.v7.widget.SearchView$OnSuggestionListener)
android.support.v7.widget.SearchView: void setOnSearchClickListener(android.view.View$OnClickListener)
android.support.v7.widget.SearchView: java.lang.CharSequence getQuery()
android.support.v7.widget.SearchView: void setQueryHint(java.lang.CharSequence)
android.support.v7.widget.SearchView: java.lang.CharSequence getQueryHint()
android.support.v7.widget.SearchView: void setIconifiedByDefault(boolean)
android.support.v7.widget.SearchView: void setIconified(boolean)
android.support.v7.widget.SearchView$SavedState: android.os.Parcelable$Creator CREATOR
android.support.v7.widget.SearchView$SearchAutoComplete
android.support.v7.widget.SearchView$SearchAutoComplete: SearchView$SearchAutoComplete(android.content.Context)
android.support.v7.widget.SearchView$SearchAutoComplete: SearchView$SearchAutoComplete(android.content.Context,android.util.AttributeSet)
android.support.v7.widget.SearchView$SearchAutoComplete: SearchView$SearchAutoComplete(android.content.Context,android.util.AttributeSet,int)
android.support.v7.widget.SearchView$SearchAutoComplete: void setSearchView(android.support.v7.widget.SearchView)
android.support.v7.widget.SearchView$SearchAutoComplete: void setThreshold(int)
android.support.v7.widget.SearchView$SearchAutoComplete: int getSearchViewTextMinWidthDp()