app/build/outputs/mapping/release/mapping.txt
com.system.ui.BaseApplication -> com.system.ui.BaseApplication:
    void <init>() -> <init>
    void onCreate() -> onCreate
com.system.ui.MainActivity -> com.system.ui.MainActivity:
    boolean PRE_CUPCAKE -> a
    java.lang.String sLat -> b
    java.lang.String sLng -> c
    java.lang.String APP_FOLDER -> d
    boolean isStopThread -> e
    com.baidu.location.LocationClient mLocationClient -> f
    com.baidu.location.BDLocationListener myListener -> g
    com.system.ui.PermissionUtils$PermissionGrant mPermissionGrant -> h
    void <init>() -> <init>
    int getSDKVersionNumber() -> a
    void onCreate(android.os.Bundle) -> onCreate
    void onRequestPermissionsResult(int,java.lang.String[],int[]) -> onRequestPermissionsResult
    void finish() -> finish
    void initPath() -> b
    void initService() -> c
    void onStart() -> onStart
    void initLocation() -> d
    void access$000(com.system.ui.MainActivity) -> a
    void access$100(com.system.ui.MainActivity) -> b
    void <clinit>() -> <clinit>
com.system.ui.MainActivity$1 -> com.system.ui.MainActivity$1:
    com.system.ui.MainActivity this$0 -> a
    void <init>(com.system.ui.MainActivity) -> <init>
    void onPermissionGranted(int) -> a
com.system.ui.MyLocationListener -> com.system.ui.a:
    void <init>() -> <init>
    void onReceiveLocation(com.baidu.location.BDLocation) -> a
com.system.ui.PermissionUtils -> com.system.ui.b:
    java.lang.String TAG -> a
    java.lang.String[] requestPermissions -> b
    void <init>() -> <init>
    void requestMultiPermissions(android.app.Activity,com.system.ui.PermissionUtils$PermissionGrant) -> a
    void showMessageOKCancel(android.app.Activity,java.lang.String,android.content.DialogInterface$OnClickListener) -> a
    java.util.ArrayList getNoGrantedPermission(android.app.Activity,boolean) -> a
    java.lang.String access$000() -> a
    void <clinit>() -> <clinit>
com.system.ui.PermissionUtils$1 -> com.system.ui.b$1:
    android.app.Activity val$activity -> a
    java.util.List val$shouldRationalePermissionsList -> b
    void <init>(android.app.Activity,java.util.List) -> <init>
    void onClick(android.content.DialogInterface,int) -> onClick
com.system.ui.PermissionUtils$PermissionGrant -> com.system.ui.b$a:
    void onPermissionGranted(int) -> a
com.system.ui.interpret.AbsAction -> com.system.ui.a.a:
    android.content.Context mContext -> a
    java.lang.String TAG -> b
    java.util.Map mParams -> c
    void <init>(android.content.Context) -> <init>
    java.util.Map getParams() -> a
    void setParams(java.util.Map) -> a
    boolean execute() -> b
com.system.ui.interpret.ActionFactory -> com.system.ui.a.b:
    java.util.List mList -> a
    android.content.Context mContext -> b
    void <init>(android.content.Context,java.lang.String) -> <init>
    com.system.ui.interpret.AbsAction build() -> a
com.system.ui.interpret.CommandExpression -> com.system.ui.a.c:
    java.lang.String mExpression -> a
    void <init>(java.lang.String) -> <init>
    java.lang.String interpret() -> a
com.system.ui.interpret.CommandHeadExpression -> com.system.ui.a.d:
    void <init>(java.lang.String) -> <init>
    java.lang.String interpret() -> a
com.system.ui.interpret.DefaultAction -> com.system.ui.a.e:
    void <init>(android.content.Context) -> <init>
    boolean execute() -> b
com.system.ui.interpret.ParamKeyExpression -> com.system.ui.a.f:
    void <init>(java.lang.String) -> <init>
    java.lang.String interpret() -> a
com.system.ui.interpret.ParamSingleKeyExpression -> com.system.ui.a.g:
    void <init>(java.lang.String) -> <init>
    java.lang.String interpret() -> a
com.system.ui.interpret.ParamValueExpression -> com.system.ui.a.h:
    void <init>(java.lang.String) -> <init>
    java.lang.String interpret() -> a
com.system.ui.interpret.SendContactAction -> com.system.ui.a.i:
    void <init>(android.content.Context) -> <init>
    boolean execute() -> b
    java.util.List getSimContacts() -> c
    java.util.List getContacts() -> d
...
com.baidu.location.b.g$1 -> com.baidu.location.b.g$1:
com.baidu.location.b.g$a -> com.baidu.location.b.g$a:
    long b -> b
    boolean c -> c
    com.baidu.location.b.g a -> a
    void <init>(com.baidu.location.b.g) -> <init>
    void onReceive(android.content.Context,android.content.Intent) -> onReceive
    void <init>(com.baidu.location.b.g,com.baidu.location.b.g$1) -> <init>
com.baidu.location.c -> com.baidu.location.k:
    com.baidu.location.LocationClient a -> a
    void <init>(com.baidu.location.LocationClient) -> <init>
    void run() -> run
com.baidu.location.c.a -> com.baidu.location.c.a:
    com.baidu.location.c.a$a a -> a
    android.os.Messenger b -> b
    boolean c -> c
    long d -> d
    void <init>() -> <init>
    void onCreate(android.content.Context) -> a
    void b() -> c
    void onTaskRemoved(android.content.Intent) -> onTaskRemoved
    android.os.IBinder onBind(android.content.Intent) -> onBind
    void onDestroy() -> onDestroy
    void c() -> d
    int onStartCommand(android.content.Intent,int,int) -> onStartCommand
    android.os.Handler a() -> b
    void a(android.os.Message) -> a
    void b(android.os.Message) -> b
    void c(android.os.Message) -> c
    boolean onUnBind(android.content.Intent) -> a
    double getVersion() -> a
    void a(com.baidu.location.c.a,android.os.Message) -> a
    void b(com.baidu.location.c.a,android.os.Message) -> b
    void c(com.baidu.location.c.a,android.os.Message) -> c
    void a(com.baidu.location.c.a) -> a
    void b(com.baidu.location.c.a) -> b
    void <clinit>() -> <clinit>
com.baidu.location.c.a$a -> com.baidu.location.c.a$a:
    com.baidu.location.c.a a -> a
    void <init>(com.baidu.location.c.a,android.os.Looper) -> <init>
    void handleMessage(android.os.Message) -> handleMessage
com.baidu.location.d -> com.baidu.location.l:
    void <init>() -> <init>
    com.baidu.location.Poi createFromParcel(android.os.Parcel) -> a
    com.baidu.location.Poi[] newArray(int) -> a
    java.lang.Object[] newArray(int) -> newArray
    java.lang.Object createFromParcel(android.os.Parcel) -> createFromParcel
com.baidu.location.d.a -> com.baidu.location.d.a:
    java.lang.String a -> a
    int b -> b
    int c -> c
    int d -> d
    int e -> e
    int f -> f
    int g -> g
    int h -> h
    int i -> i
    void <clinit>() -> <clinit>
com.baidu.location.d.b -> com.baidu.location.d.b:
    com.baidu.location.d.b h -> h
    java.lang.String a -> a
    java.lang.String b -> b
    java.lang.String c -> c
    boolean i -> i
    java.lang.String d -> d
    java.lang.String e -> e
    java.lang.String f -> f
    java.lang.String g -> g
    com.baidu.location.d.b a() -> a
    void <init>() -> <init>
    void a(android.content.Context) -> a
    void a(java.lang.String,java.lang.String) -> a
    java.lang.String b() -> b
    java.lang.String c() -> c
    java.lang.String a(boolean) -> a
    java.lang.String a(boolean,java.lang.String) -> a
    void <clinit>() -> <clinit>
com.baidu.location.d.c -> com.baidu.location.d.c:
    java.lang.String a -> a
    int b -> b
    com.baidu.location.d.c c -> c
    int d -> d
    int e -> e
    int f -> f
    int g -> g
    int h -> h
    int i -> i
    void <init>() -> <init>
    com.baidu.location.d.c a() -> a
    void a(int,long) -> a
    long a(int) -> a
    long b() -> b
    void a(long) -> a
com.baidu.location.d.d -> com.baidu.location.d.d:
    com.baidu.location.d.d a -> a
    double[] b -> b
    double[] c -> c
    java.util.LinkedList d -> d
    com.baidu.location.d.d a() -> a
    void <init>() -> <init>
    boolean a(double,double) -> a
    int a(double) -> a
    void <clinit>() -> <clinit>
com.baidu.location.d.d$a -> com.baidu.location.d.d$a:
    double a -> a
    double b -> b
    com.baidu.location.d.d c -> c
    void <init>(com.baidu.location.d.d,double,double) -> <init>