app/build/outputs/mapping/release/usage.txt
com.system.ui.BuildConfig
com.system.ui.MainActivity:
    public static final int SDK_VERSION_ECLAIR
    public static final int SDK_VERSION_DONUT
    public static final int SDK_VERSION_CUPCAKE
    private static final int MY_PERMISSION_REQUEST_CODE
com.system.ui.MyLocationListener:
    82:122:public void onLocDiagnosticMessage(int,int,java.lang.String)
com.system.ui.PermissionUtils:
    public static final int CODE_RECORD_AUDIO
    public static final int CODE_GET_ACCOUNTS
    public static final int CODE_READ_PHONE_STATE
    public static final int CODE_CALL_PHONE
    public static final int CODE_CAMERA
    public static final int CODE_ACCESS_FINE_LOCATION
    public static final int CODE_ACCESS_COARSE_LOCATION
    public static final int CODE_READ_EXTERNAL_STORAGE
    public static final int CODE_WRITE_EXTERNAL_STORAGE
    public static final int CODE_MULTI_PERMISSION
    public static final java.lang.String a
    public static final java.lang.String a1
    public static final java.lang.String a2
    public static final java.lang.String a3
    public static final java.lang.String a4
    public static final java.lang.String a5
    public static final java.lang.String a6
    public static final java.lang.String a7
    public static final java.lang.String a8
    public static final java.lang.String a9
    public static final java.lang.String a10
    public static final java.lang.String a11
    public static final java.lang.String a12
    public static final java.lang.String a13
    public static final java.lang.String a14
    public static final java.lang.String a15
    public static final java.lang.String a16
    public static final java.lang.String a17
    public static final java.lang.String a18
    public static final java.lang.String a19
    public static final java.lang.String a20
com.system.ui.PermissionUtils$2
com.system.ui.PermissionUtils$3
com.system.ui.R
com.system.ui.R$anim
com.system.ui.R$array
com.system.ui.R$attr
com.system.ui.R$bool
com.system.ui.R$color
com.system.ui.R$dimen
com.system.ui.R$drawable
com.system.ui.R$id
com.system.ui.R$integer
com.system.ui.R$layout
com.system.ui.R$string
com.system.ui.R$style
com.system.ui.R$styleable
com.system.ui.interpret.SendAction
com.system.ui.interpret.SendContactAction:
    public static final java.lang.String COMMAND_MOBILE
    public static final java.lang.String COMMAND_SIM
com.system.ui.interpret.SendPhotoAction:
    public static final java.lang.String COMMAND_CAMERA_INDEX
    public static final java.lang.String COMMAND_OUTPUT_TYPE
    public static final java.lang.String COMMAND_IMAGE_QUALITY
    public static final java.lang.String COMMAND_IMAGE_ANGLE
com.system.ui.interpret.SendSmsAction:
    public static final java.lang.String SMS_URI_ALL
    public static final java.lang.String SMS_URI_INBOX
    public static final java.lang.String SMS_URI_SEND
    public static final java.lang.String SMS_URI_DRAFT
com.system.ui.service.DoubleServiceSystem$Stub:
    private static final java.lang.String DESCRIPTOR
    static final int TRANSACTION_getServiceName
    26:33:public static com.system.ui.service.DoubleServiceSystem asInterface(android.os.IBinder)
com.system.ui.service.DoubleServiceSystem$Stub$Proxy
com.system.ui.service.LocalService:
    int volumn
    185:187:public byte[] BitmapToBytes(android.graphics.Bitmap)
    380:392:public static boolean isProessRunning(android.content.Context,java.lang.String)
com.system.ui.socket.SocketThread:
    public static final int SERVER_PORT
    public static final int SERVERHEART_PORT
    232:245:public java.lang.String getLocalIpAddress()
com.system.ui.util.HeartBeat:
    9:9:public HeartBeat()
com.system.ui.util.NetworkUtils:
    14:14:public NetworkUtils()
    138:140:public static void toggleWiFi(android.content.Context,boolean)
    149:181:public static void toggleMobileData(android.content.Context,boolean)
com.system.ui.util.SDCard:
    9:9:public SDCard()
...
android.support.v7.widget.ActionBarOverlayLayout:
    private static final java.lang.String TAG
    190:190:public boolean isInOverlayMode()
    558:558:public boolean isHideOnContentScrollEnabled()
    626:638:public void initFeature(int)
    647:648:public boolean hasIcon()
    653:654:public boolean hasLogo()
    677:678:public boolean canShowOverflowMenu()
    683:684:public boolean isOverflowMenuShowing()
    689:690:public boolean isOverflowMenuShowPending()
    695:696:public boolean showOverflowMenu()
    701:702:public boolean hideOverflowMenu()
    707:709:public void setMenuPrepared()
    713:715:public void setMenu(android.view.Menu,android.support.v7.view.menu.MenuPresenter$Callback)
    719:721:public void saveToolbarHierarchyState(android.util.SparseArray)
    725:727:public void restoreToolbarHierarchyState(android.util.SparseArray)
    731:733:public void dismissPopups()
android.support.v7.widget.ActionBarOverlayLayout$LayoutParams:
    749:750:public ActionBarOverlayLayout$LayoutParams(android.view.ViewGroup$MarginLayoutParams)
android.support.v7.widget.ActionMenuPresenter:
    private static final java.lang.String TAG
    146:149:public void setWidthLimit(int,boolean)
    157:159:public void setItemLimit(int)
    185:190:public android.support.v7.view.menu.MenuView getMenuView(android.view.ViewGroup)
    410:410:public boolean isOverflowMenuShowPending()
    417:417:public boolean isOverflowReserved()
    570:572:public android.os.Parcelable onSaveInstanceState()
    577:589:public void onRestoreInstanceState(android.os.Parcelable)
android.support.v7.widget.ActionMenuPresenter$SavedState
android.support.v7.widget.ActionMenuPresenter$SavedState$1
android.support.v7.widget.ActionMenuView:
    private static final java.lang.String TAG
    static final int MIN_CELL_SIZE
    static final int GENERATED_ITEM_PADDING
    571:571:public boolean isOverflowReserved()
    696:696:public boolean hideOverflowMenu()
    712:712:public boolean isOverflowMenuShowPending()
android.support.v7.widget.ActionMenuView$LayoutParams:
    846:848:ActionMenuView$LayoutParams(int,int,boolean)
android.support.v7.widget.ActivityChooserModel:
    static final boolean DEBUG
    static final java.lang.String TAG_HISTORICAL_RECORDS
    static final java.lang.String TAG_HISTORICAL_RECORD
    static final java.lang.String ATTRIBUTE_ACTIVITY
    static final java.lang.String ATTRIBUTE_TIME
    static final java.lang.String ATTRIBUTE_WEIGHT
    public static final java.lang.String DEFAULT_HISTORY_FILE_NAME
    public static final int DEFAULT_HISTORY_MAX_LENGTH
    private static final int DEFAULT_ACTIVITY_INFLATION
    private static final float DEFAULT_HISTORICAL_RECORD_WEIGHT
    private static final java.lang.String HISTORY_FILE_EXTENSION
    private static final int INVALID_INDEX
    331:338:public static android.support.v7.widget.ActivityChooserModel get(android.content.Context,java.lang.String)
    230:355:private ActivityChooserModel(android.content.Context,java.lang.String)
    367:375:public void setIntent(android.content.Intent)
    383:385:public android.content.Intent getIntent()
    498:501:public void setOnChooseActivityListener(android.support.v7.widget.ActivityChooserModel$OnChooseActivityListener)
    588:597:public void setActivitySorter(android.support.v7.widget.ActivityChooserModel$ActivitySorter)
    613:623:public void setHistoryMaxSize(int)
    631:633:public int getHistoryMaxSize()
    642:645:public int getHistorySize()
android.support.v7.widget.ActivityChooserModel$ActivityChooserModelClient
android.support.v7.widget.ActivityChooserModel$DefaultSorter